d:\push box\push22222\push22222\x64\debug\vc143.pdb
d:\push box\push22222\push22222\x64\debug\vc143.idb
d:\push box\push22222\push22222\x64\debug\源.obj
d:\push box\push22222\push22222\x64\debug\push22222.ilk
d:\push box\push22222\push22222\x64\debug\源.obj.enc
d:\push box\push22222\x64\debug\push22222.pdb
d:\push box\push22222\push22222\x64\debug\push22222.tlog\cl.command.1.tlog
d:\push box\push22222\push22222\x64\debug\push22222.tlog\cl.items.tlog
d:\push box\push22222\push22222\x64\debug\push22222.tlog\cl.read.1.tlog
d:\push box\push22222\push22222\x64\debug\push22222.tlog\cl.write.1.tlog
d:\push box\push22222\push22222\x64\debug\push22222.tlog\link-cvtres.read.1.tlog
d:\push box\push22222\push22222\x64\debug\push22222.tlog\link-cvtres.write.1.tlog
d:\push box\push22222\push22222\x64\debug\push22222.tlog\link-rc.read.1.tlog
d:\push box\push22222\push22222\x64\debug\push22222.tlog\link-rc.write.1.tlog
d:\push box\push22222\push22222\x64\debug\push22222.tlog\link.19680-cvtres.read.1.tlog
d:\push box\push22222\push22222\x64\debug\push22222.tlog\link.19680-cvtres.write.1.tlog
d:\push box\push22222\push22222\x64\debug\push22222.tlog\link.19680-rc.read.1.tlog
d:\push box\push22222\push22222\x64\debug\push22222.tlog\link.19680-rc.write.1.tlog
d:\push box\push22222\push22222\x64\debug\push22222.tlog\link.19680.read.1.tlog
d:\push box\push22222\push22222\x64\debug\push22222.tlog\link.19680.read.2.tlog
d:\push box\push22222\push22222\x64\debug\push22222.tlog\link.19680.read.3.tlog
d:\push box\push22222\push22222\x64\debug\push22222.tlog\link.19680.read.4.tlog
d:\push box\push22222\push22222\x64\debug\push22222.tlog\link.19680.read.5.tlog
d:\push box\push22222\push22222\x64\debug\push22222.tlog\link.19680.write.1.tlog
d:\push box\push22222\push22222\x64\debug\push22222.tlog\link.command.1.tlog
d:\push box\push22222\push22222\x64\debug\push22222.tlog\link.read.1.tlog
d:\push box\push22222\push22222\x64\debug\push22222.tlog\link.read.2.tlog
d:\push box\push22222\push22222\x64\debug\push22222.tlog\link.read.3.tlog
d:\push box\push22222\push22222\x64\debug\push22222.tlog\link.read.4.tlog
d:\push box\push22222\push22222\x64\debug\push22222.tlog\link.read.6.tlog
d:\push box\push22222\push22222\x64\debug\push22222.tlog\link.secondary.1.tlog
d:\push box\push22222\push22222\x64\debug\push22222.tlog\link.write.1.tlog
